<?xml version="1.0" encoding="UTF-8"?>
<!-- Generated by org.testng.reporters.JUnitXMLReporter -->
<testsuite hostname="MSI" ignored="0" name="Test" tests="4" failures="0" timestamp="2021-11-16T09:31:34 IST" time="16.653" errors="0">
  <testcase name="method1" time="16.285" classname="parellelExecution.Class1"/>
  <testcase name="method2" time="16.306" classname="parellelExecution.Class2"/>
  <testcase name="method3" time="16.315" classname="parellelExecution.Class3"/>
  <testcase name="method4" time="16.627" classname="parellelExecution.Class4"/>
</testsuite> <!-- Test -->
