<?xml version="1.0" encoding="UTF-8"?>
<!-- Generated by org.testng.reporters.JUnitXMLReporter -->
<testsuite hostname="MSI" ignored="0" name="Test" tests="3" failures="0" timestamp="2021-11-19T09:04:04 IST" time="20.156" errors="0">
  <testcase name="testActitimeValidLogin" time="0.186" classname="testPackage.TestActiTimeValidLogin"/>
  <testcase name="testActiTimeLogout" time="2.265" classname="testPackage.TestActiTimeLogout"/>
  <testcase name="actiTimeInvalidLogin" time="16.602" classname="testPackage.TestActiTimeInvalidLogin"/>
</testsuite> <!-- Test -->
