<?xml version="1.0" encoding="UTF-8"?>
<testng-results skipped="0" failed="0" ignored="0" total="4" passed="4">
  <reporter-output>
  </reporter-output>
  <suite name="Suite" duration-ms="16653" started-at="2021-11-16T09:31:17 IST" finished-at="2021-11-16T09:31:34 IST">
    <groups>
    </groups>
    <test name="Test" duration-ms="16653" started-at="2021-11-16T09:31:17 IST" finished-at="2021-11-16T09:31:34 IST">
      <class name="parellelExecution.Class4">
        <test-method status="PASS" signature="method4()[pri:0, instance:parellelExecution.Class4@e320068]" name="method4" duration-ms="16627" started-at="2021-11-16T09:31:17 IST" finished-at="2021-11-16T09:31:34 IST">
          <reporter-output>
          </reporter-output>
        </test-method> <!-- method4 -->
      </class> <!-- parellelExecution.Class4 -->
      <class name="parellelExecution.Class3">
        <test-method status="PASS" signature="method3()[pri:0, instance:parellelExecution.Class3@1f57539]" name="method3" duration-ms="16315" started-at="2021-11-16T09:31:17 IST" finished-at="2021-11-16T09:31:33 IST">
          <reporter-output>
          </reporter-output>
        </test-method> <!-- method3 -->
      </class> <!-- parellelExecution.Class3 -->
      <class name="parellelExecution.Class2">
        <test-method status="PASS" signature="method2()[pri:0, instance:parellelExecution.Class2@74650e52]" name="method2" duration-ms="16306" started-at="2021-11-16T09:31:17 IST" finished-at="2021-11-16T09:31:33 IST">
          <reporter-output>
          </reporter-output>
        </test-method> <!-- method2 -->
      </class> <!-- parellelExecution.Class2 -->
      <class name="parellelExecution.Class1">
        <test-method status="PASS" signature="method1()[pri:0, instance:parellelExecution.Class1@536aaa8d]" name="method1" duration-ms="16285" started-at="2021-11-16T09:31:17 IST" finished-at="2021-11-16T09:31:33 IST">
          <reporter-output>
          </reporter-output>
        </test-method> <!-- method1 -->
      </class> <!-- parellelExecution.Class1 -->
    </test> <!-- Test -->
  </suite> <!-- Suite -->
</testng-results>
