<?xml version="1.0" encoding="UTF-8"?>
<testng-results skipped="0" failed="0" ignored="0" total="3" passed="3">
  <reporter-output>
  </reporter-output>
  <suite name="Suite" duration-ms="20156" started-at="2021-11-19T09:03:43 IST" finished-at="2021-11-19T09:04:04 IST">
    <groups>
    </groups>
    <test name="Test" duration-ms="20156" started-at="2021-11-19T09:03:43 IST" finished-at="2021-11-19T09:04:04 IST">
      <class name="testPackage.TestActiTimeValidLogin">
        <test-method status="PASS" signature="setUp()[pri:0, instance:testPackage.TestActiTimeValidLogin@646d64ab]" name="setUp" is-config="true" duration-ms="2935" started-at="2021-11-19T09:03:43 IST" finished-at="2021-11-19T09:03:46 IST">
          <reporter-output>
          </reporter-output>
        </test-method> <!-- setUp -->
        <test-method status="PASS" signature="testActitimeValidLogin()[pri:0, instance:testPackage.TestActiTimeValidLogin@646d64ab]" name="testActitimeValidLogin" duration-ms="186" started-at="2021-11-19T09:03:46 IST" finished-at="2021-11-19T09:03:46 IST">
          <reporter-output>
          </reporter-output>
        </test-method> <!-- testActitimeValidLogin -->
        <test-method status="PASS" signature="tearDown()[pri:0, instance:testPackage.TestActiTimeValidLogin@646d64ab]" name="tearDown" is-config="true" duration-ms="606" started-at="2021-11-19T09:03:46 IST" finished-at="2021-11-19T09:03:47 IST">
          <reporter-output>
          </reporter-output>
        </test-method> <!-- tearDown -->
      </class> <!-- testPackage.TestActiTimeValidLogin -->
      <class name="testPackage.TestActiTimeLogout">
        <test-method status="PASS" signature="setUp()[pri:0, instance:testPackage.TestActiTimeLogout@2353b3e6]" name="setUp" is-config="true" duration-ms="2935" started-at="2021-11-19T09:03:43 IST" finished-at="2021-11-19T09:03:46 IST">
          <reporter-output>
          </reporter-output>
        </test-method> <!-- setUp -->
        <test-method status="PASS" signature="testActiTimeLogout()[pri:0, instance:testPackage.TestActiTimeLogout@2353b3e6]" name="testActiTimeLogout" duration-ms="2265" started-at="2021-11-19T09:03:46 IST" finished-at="2021-11-19T09:03:49 IST">
          <reporter-output>
          </reporter-output>
        </test-method> <!-- testActiTimeLogout -->
        <test-method status="PASS" signature="tearDown()[pri:0, instance:testPackage.TestActiTimeLogout@2353b3e6]" name="tearDown" is-config="true" duration-ms="579" started-at="2021-11-19T09:03:49 IST" finished-at="2021-11-19T09:03:49 IST">
          <reporter-output>
          </reporter-output>
        </test-method> <!-- tearDown -->
      </class> <!-- testPackage.TestActiTimeLogout -->
      <class name="testPackage.TestActiTimeInvalidLogin">
        <test-method status="PASS" signature="setUp()[pri:0, instance:testPackage.TestActiTimeInvalidLogin@631330c]" name="setUp" is-config="true" duration-ms="2937" started-at="2021-11-19T09:03:43 IST" finished-at="2021-11-19T09:03:46 IST">
          <reporter-output>
          </reporter-output>
        </test-method> <!-- setUp -->
        <test-method status="PASS" signature="actiTimeInvalidLogin()[pri:0, instance:testPackage.TestActiTimeInvalidLogin@631330c]" name="actiTimeInvalidLogin" duration-ms="16602" started-at="2021-11-19T09:03:46 IST" finished-at="2021-11-19T09:04:03 IST">
          <reporter-output>
          </reporter-output>
        </test-method> <!-- actiTimeInvalidLogin -->
        <test-method status="PASS" signature="tearDown()[pri:0, instance:testPackage.TestActiTimeInvalidLogin@631330c]" name="tearDown" is-config="true" duration-ms="590" started-at="2021-11-19T09:04:03 IST" finished-at="2021-11-19T09:04:03 IST">
          <reporter-output>
          </reporter-output>
        </test-method> <!-- tearDown -->
      </class> <!-- testPackage.TestActiTimeInvalidLogin -->
    </test> <!-- Test -->
  </suite> <!-- Suite -->
</testng-results>
